<?xml version="1.0" encoding="UTF-8"?>
<!-- Generated by org.testng.reporters.JUnitReportReporter -->
<testsuite name="TestNGIWScripts.DataProviderTest" tests="4" time="0.032" ignored="0" failures="0" timestamp="25 Apr 2020 03:37:29 GMT" skipped="0" hostname="LAPTOP-HH4641CU" errors="0">
  <testcase name="getArrayValues" time="0.000" classname="TestNGIWScripts.DataProviderTest"/>
  <testcase name="getArrayValues" time="0.016" classname="TestNGIWScripts.DataProviderTest"/>
  <testcase name="getArrayValues" time="0.000" classname="TestNGIWScripts.DataProviderTest"/>
  <testcase name="getArrayValues" time="0.016" classname="TestNGIWScripts.DataProviderTest"/>
</testsuite> <!-- TestNGIWScripts.DataProviderTest -->
