<?xml version="1.0" encoding="UTF-8"?>
<!-- Generated by org.testng.reporters.JUnitReportReporter -->
<testsuite name="JavaPrograms.StaticClassTest2" tests="4" time="0.032" ignored="0" failures="0" timestamp="25 Apr 2020 06:26:43 GMT" skipped="0" hostname="LAPTOP-HH4641CU" errors="0">
  <testcase name="testMethod4" time="0.000" classname="JavaPrograms.StaticClassTest2"/>
  <testcase name="testMethod3" time="0.016" classname="JavaPrograms.StaticClassTest2"/>
  <testcase name="testMethod1" time="0.016" classname="JavaPrograms.StaticClassTest2"/>
  <testcase name="testMethod2" time="0.000" classname="JavaPrograms.StaticClassTest2"/>
</testsuite> <!-- JavaPrograms.StaticClassTest2 -->
