<?xml version="1.0" encoding="UTF-8"?>
<!-- Generated by org.testng.reporters.JUnitReportReporter -->
<testsuite name="JavaPrograms.StaticClassTest" tests="4" time="0.062" ignored="0" failures="0" timestamp="25 Apr 2020 06:11:47 GMT" skipped="0" hostname="LAPTOP-HH4641CU" errors="0">
  <testcase name="testMethod4" time="0.016" classname="JavaPrograms.StaticClassTest"/>
  <testcase name="testMethod3" time="0.015" classname="JavaPrograms.StaticClassTest"/>
  <testcase name="testMethod1" time="0.015" classname="JavaPrograms.StaticClassTest"/>
  <testcase name="testMethod2" time="0.016" classname="JavaPrograms.StaticClassTest"/>
</testsuite> <!-- JavaPrograms.StaticClassTest -->
