<?xml version="1.0" encoding="UTF-8"?>
<!-- Generated by org.testng.reporters.JUnitReportReporter -->
<testsuite name="TestNGIWScripts.ReadDataFromExternalFiles" tests="6" time="0.207" ignored="0" failures="0" timestamp="24 Apr 2020 15:43:08 GMT" skipped="0" hostname="LAPTOP-HH4641CU" errors="0">
  <testcase name="WriteDataToTextFile" time="0.004" classname="TestNGIWScripts.ReadDataFromExternalFiles"/>
  <testcase name="ReadDataFromJSONFile" time="0.011" classname="TestNGIWScripts.ReadDataFromExternalFiles"/>
  <testcase name="WriteDataToJSON" time="0.004" classname="TestNGIWScripts.ReadDataFromExternalFiles"/>
  <testcase name="ReadDataFromPropertyFile" time="0.004" classname="TestNGIWScripts.ReadDataFromExternalFiles"/>
  <testcase name="ReadDataFromExcelFile" time="0.184" classname="TestNGIWScripts.ReadDataFromExternalFiles"/>
  <testcase name="ReadDataFromTextFile" time="0.000" classname="TestNGIWScripts.ReadDataFromExternalFiles"/>
</testsuite> <!-- TestNGIWScripts.ReadDataFromExternalFiles -->
