<?xml version="1.0" encoding="UTF-8"?>
<!-- Generated by org.testng.reporters.JUnitReportReporter -->
<testsuite name="JavaPrograms.StaticClassTest3" tests="2" time="0.031" ignored="0" failures="0" timestamp="25 Apr 2020 07:00:51 GMT" skipped="0" hostname="LAPTOP-HH4641CU" errors="0">
  <testcase name="OverrideStaticTest" time="0.000" classname="JavaPrograms.StaticClassTest3"/>
  <testcase name="OverrideNonStaticTest" time="0.031" classname="JavaPrograms.StaticClassTest3"/>
</testsuite> <!-- JavaPrograms.StaticClassTest3 -->
