<?xml version="1.0" encoding="UTF-8"?>
<!-- Generated by org.testng.reporters.JUnitReportReporter -->
<testsuite ignored="0" hostname="LAPTOP-HH4641CU" failures="0" tests="2" name="TestNGScripts.MyTestNGIWQuestions" time="0.027" errors="0" timestamp="11 Apr 2020 06:03:26 GMT" skipped="0">
  <testcase classname="TestNGScripts.MyTestNGIWQuestions" name="method1" time="0.016"/>
  <testcase classname="TestNGScripts.MyTestNGIWQuestions" name="method2" time="0.011"/>
</testsuite> <!-- TestNGScripts.MyTestNGIWQuestions -->
