<?xml version="1.0" encoding="UTF-8"?>
<!-- Generated by org.testng.reporters.JUnitReportReporter -->
<testsuite name="TestNGIWScripts.TestNGLifeCycle" tests="2" time="0.011" ignored="0" failures="0" timestamp="26 Apr 2020 06:14:13 GMT" skipped="0" hostname="LAPTOP-HH4641CU" errors="0">
  <testcase name="method1" time="0.004" classname="TestNGIWScripts.TestNGLifeCycle"/>
  <testcase name="method2" time="0.007" classname="TestNGIWScripts.TestNGLifeCycle"/>
</testsuite> <!-- TestNGIWScripts.TestNGLifeCycle -->
