<?xml version="1.0" encoding="UTF-8"?>
<!-- Generated by org.testng.reporters.JUnitReportReporter -->
<testsuite name="TestNGIWScripts.MethodsParallelTests" tests="2" time="0.052" ignored="0" failures="0" timestamp="18 Apr 2020 15:08:23 GMT" skipped="0" hostname="LAPTOP-HH4641CU" errors="0">
  <testcase name="Method2" time="0.026" classname="TestNGIWScripts.MethodsParallelTests"/>
  <testcase name="Method1" time="0.026" classname="TestNGIWScripts.MethodsParallelTests"/>
</testsuite> <!-- TestNGIWScripts.MethodsParallelTests -->
