<?xml version="1.0" encoding="UTF-8"?>
<!-- Generated by org.testng.reporters.JUnitReportReporter -->
<testsuite ignored="0" hostname="LAPTOP-HH4641CU" failures="0" tests="2" name="TestNGIWScripts.MyTestNGIWQuestions" time="0.017" errors="0" timestamp="11 Apr 2020 12:09:42 GMT" skipped="0">
  <testcase classname="TestNGIWScripts.MyTestNGIWQuestions" name="method1" time="0.002"/>
  <testcase classname="TestNGIWScripts.MyTestNGIWQuestions" name="method2" time="0.015"/>
</testsuite> <!-- TestNGIWScripts.MyTestNGIWQuestions -->
