<?xml version="1.0" encoding="UTF-8"?>
<!-- Generated by org.testng.reporters.JUnitReportReporter -->
<testsuite name="TestNGIWScripts.TestsParallelExecution" tests="2" time="53.288" ignored="0" failures="0" timestamp="18 Apr 2020 15:49:54 GMT" skipped="0" hostname="LAPTOP-HH4641CU" errors="0">
  <testcase name="LaunchGooglePageAndCloseBrowser" time="26.637" classname="TestNGIWScripts.TestsParallelExecution"/>
  <testcase name="LaunchGooglePageAndCloseBrowser" time="26.651" classname="TestNGIWScripts.TestsParallelExecution"/>
</testsuite> <!-- TestNGIWScripts.TestsParallelExecution -->
