<?xml version="1.0" encoding="UTF-8"?>
<!-- Generated by org.testng.reporters.JUnitReportReporter -->
<testsuite name="TestNGIWScripts.MethodsParallelExecution" tests="2" time="0.031" ignored="0" failures="0" timestamp="19 Apr 2020 07:43:53 GMT" skipped="0" hostname="LAPTOP-HH4641CU" errors="0">
  <testcase name="Method1" time="0.031" classname="TestNGIWScripts.MethodsParallelExecution"/>
  <testcase name="Method2" time="0.000" classname="TestNGIWScripts.MethodsParallelExecution"/>
</testsuite> <!-- TestNGIWScripts.MethodsParallelExecution -->
