<?xml version="1.0" encoding="UTF-8"?>
<!-- Generated by org.testng.reporters.JUnitReportReporter -->
<testsuite name="TestNGIWScripts.RestAPIValidation" tests="1" time="8.154" ignored="1" failures="0" timestamp="24 Apr 2020 13:13:23 GMT" skipped="0" hostname="LAPTOP-HH4641CU" errors="0">
  <testcase name="POSTCallUsingRestAssured" time="8.154" classname="TestNGIWScripts.RestAPIValidation"/>
  <testcase name="GETCallUsingRestAssured" classname="TestNGIWScripts.RestAPIValidation">
    <skipped/>
  </testcase> <!-- GETCallUsingRestAssured -->
</testsuite> <!-- TestNGIWScripts.RestAPIValidation -->
